c:\users\user\onedrive\desktop\musicplayerrt\musicplayerrt\x64\release\vc143.pdb
c:\users\user\onedrive\desktop\musicplayerrt\musicplayerrt\x64\release\timesong.obj
c:\users\user\onedrive\desktop\musicplayerrt\musicplayerrt\x64\release\menu.obj
c:\users\user\onedrive\desktop\musicplayerrt\musicplayerrt\x64\release\main.obj
c:\users\user\onedrive\desktop\musicplayerrt\x64\release\musicplayerrt.exe
c:\users\user\onedrive\desktop\musicplayerrt\x64\release\musicplayerrt.pdb
c:\users\user\onedrive\desktop\musicplayerrt\musicplayerrt\x64\release\resource.res
c:\users\user\onedrive\desktop\musicplayerrt\musicplayerrt\x64\release\musicplayerrt.ipdb
c:\users\user\onedrive\desktop\musicplayerrt\musicplayerrt\x64\release\musicplayerrt.iobj
c:\users\user\onedrive\desktop\musicplayerrt\musicplayerrt\x64\release\vc145.pdb
c:\users\user\onedrive\desktop\musicplayerrt\musicplayerrt\x64\release\musicplayerrt.tlog\cl.command.1.tlog
c:\users\user\onedrive\desktop\musicplayerrt\musicplayerrt\x64\release\musicplayerrt.tlog\cl.items.tlog
c:\users\user\onedrive\desktop\musicplayerrt\musicplayerrt\x64\release\musicplayerrt.tlog\cl.read.1.tlog
c:\users\user\onedrive\desktop\musicplayerrt\musicplayerrt\x64\release\musicplayerrt.tlog\cl.write.1.tlog
c:\users\user\onedrive\desktop\musicplayerrt\musicplayerrt\x64\release\musicplayerrt.tlog\link.command.1.tlog
c:\users\user\onedrive\desktop\musicplayerrt\musicplayerrt\x64\release\musicplayerrt.tlog\link.read.1.tlog
c:\users\user\onedrive\desktop\musicplayerrt\musicplayerrt\x64\release\musicplayerrt.tlog\link.secondary.1.tlog
c:\users\user\onedrive\desktop\musicplayerrt\musicplayerrt\x64\release\musicplayerrt.tlog\link.write.1.tlog
c:\users\user\onedrive\desktop\musicplayerrt\musicplayerrt\x64\release\musicplayerrt.tlog\rc.command.1.tlog
c:\users\user\onedrive\desktop\musicplayerrt\musicplayerrt\x64\release\musicplayerrt.tlog\rc.read.1.tlog
c:\users\user\onedrive\desktop\musicplayerrt\musicplayerrt\x64\release\musicplayerrt.tlog\rc.write.1.tlog
